<?xml version="1.0" encoding="UTF-8"?>
<!-- Generated by org.testng.reporters.JUnitReportReporter -->
<testsuite hostname="liut44194" failures="0" tests="1" name="testCases.CT002_LoginTest" time="1.739" errors="0" timestamp="2024-12-09T10:58:12 PST" skipped="0">
  <testcase classname="testCases.CT002_LoginTest" name="testLogin" time="1.739"/>
</testsuite> <!-- testCases.CT002_LoginTest -->
