<?xml version="1.0" encoding="UTF-8"?>
<!-- Generated by org.testng.reporters.JUnitReportReporter -->
<testsuite hostname="liut44194" failures="0" tests="1" name="testCases.CT002_LoginTest" time="1.384" errors="0" timestamp="2024-12-08T14:59:10 PST" skipped="0">
  <testcase classname="testCases.CT002_LoginTest" name="testLogin" time="1.384"/>
</testsuite> <!-- testCases.CT002_LoginTest -->
